<?xml version="1.0" encoding="UTF-8"?>
<!-- Generated by org.testng.reporters.JUnitReportReporter -->
<testsuite skipped="0" hostname="DESKTOP-BRVGJVS" name="com.moha.TestRegister" tests="1" failures="0" timestamp="16 Jul 2020 13:14:28 GMT" time="27.772" errors="0">
  <testcase name="testRegister" time="27.772" classname="com.moha.TestRegister"/>
</testsuite> <!-- com.moha.TestRegister -->
