<?xml version="1.0" encoding="UTF-8"?>
<!-- Generated by org.testng.reporters.JUnitReportReporter -->
<testsuite skipped="0" hostname="DESKTOP-BRVGJVS" name="com.moha.TestCart" tests="1" failures="0" timestamp="16 Jul 2020 13:14:28 GMT" time="40.588" errors="0">
  <testcase name="testCart" time="40.588" classname="com.moha.TestCart"/>
</testsuite> <!-- com.moha.TestCart -->
