<?xml version="1.0" encoding="UTF-8"?>
<!-- Generated by org.testng.reporters.JUnitReportReporter -->
<testsuite skipped="0" hostname="DESKTOP-BRVGJVS" name="com.moha.TestLogin" tests="3" failures="0" timestamp="16 Jul 2020 12:05:02 GMT" time="24.064" errors="0">
  <testcase name="testInvalidLogin" time="13.570" classname="com.moha.TestLogin"/>
  <testcase name="testValidLogin" time="8.530" classname="com.moha.TestLogin"/>
  <testcase name="testLogOut" time="1.964" classname="com.moha.TestLogin"/>
</testsuite> <!-- com.moha.TestLogin -->
