<?xml version="1.0" encoding="UTF-8"?>
<!-- Generated by org.testng.reporters.JUnitReportReporter -->
<testsuite skipped="0" hostname="DESKTOP-BRVGJVS" name="com.moha.TestLogin" tests="3" failures="0" timestamp="16 Jul 2020 13:14:28 GMT" time="29.569" errors="0">
  <testcase name="testInvalidLogin" time="13.663" classname="com.moha.TestLogin"/>
  <testcase name="testValidLogin" time="9.763" classname="com.moha.TestLogin"/>
  <testcase name="testLogOut" time="6.143" classname="com.moha.TestLogin"/>
</testsuite> <!-- com.moha.TestLogin -->
