<?xml version="1.0" encoding="UTF-8"?>
<!-- Generated by org.testng.reporters.JUnitReportReporter -->
<testsuite skipped="0" hostname="DESKTOP-BRVGJVS" name="com.moha.TestSearch" tests="1" failures="0" timestamp="16 Jul 2020 13:14:28 GMT" time="12.389" errors="0">
  <testcase name="testSearch" time="12.389" classname="com.moha.TestSearch"/>
</testsuite> <!-- com.moha.TestSearch -->
